#
# There is insufficient memory for the Java Runtime Environment to continue.
# Native memory allocation (mmap) failed to map 266338304 bytes. Error detail: G1 virtual space
# Possible reasons:
#   The system is out of physical RAM or swap space
#   This process is running with CompressedOops enabled, and the Java Heap may be blocking the growth of the native heap
# Possible solutions:
#   Reduce memory load on the system
#   Increase physical memory or swap space
#   Check if swap backing store is full
#   Decrease Java heap size (-Xmx/-Xms)
#   Decrease number of Java threads
#   Decrease Java thread stack sizes (-Xss)
#   Set larger code cache with -XX:ReservedCodeCacheSize=
#   JVM is running with Zero Based Compressed Oops mode in which the Java heap is
#     placed in the first 32GB address space. The Java Heap base address is the
#     maximum limit for the native heap growth. Please use -XX:HeapBaseMinAddress
#     to set the Java Heap base and to place the Java Heap above 32GB virtual address.
# This output file may be truncated or incomplete.
#
#  Out of Memory Error (os_windows.cpp:3703), pid=19508, tid=35000
#
# JRE version:  (23.0+37) (build )
# Java VM: Java HotSpot(TM) 64-Bit Server VM (23+37-2369, mixed mode, sharing, tiered, compressed oops, compressed class ptrs, g1 gc, windows-amd64)
# No core dump will be written. Minidumps are not enabled by default on client versions of Windows
#

---------------  S U M M A R Y ------------

Command Line: -Dfile.encoding=UTF-8 --module-path=E:\JavaApplication EDITTING\JavaApplication EDITTING\build\classes javaapplication3.EMPLOYEE

Host: 12th Gen Intel(R) Core(TM) i5-12400F, 12 cores, 15G,  Windows 11 , 64 bit Build 22621 (10.0.22621.4391)
Time: Mon Dec  9 21:46:07 2024 Egypt Standard Time elapsed time: 0.014715 seconds (0d 0h 0m 0s)

---------------  T H R E A D  ---------------

Current thread (0x0000013546defcc0):  JavaThread "Unknown thread" [_thread_in_vm, id=35000, stack(0x00000032bb800000,0x00000032bb900000) (1024K)]

Stack: [0x00000032bb800000,0x00000032bb900000]
Native frames: (J=compiled Java code, j=interpreted, Vv=VM code, C=native code)
V  [jvm.dll+0x6e08a9]  (no source info available)
V  [jvm.dll+0x87da63]  (no source info available)
V  [jvm.dll+0x87feee]  (no source info available)
V  [jvm.dll+0x8805c3]  (no source info available)
V  [jvm.dll+0x27aee6]  (no source info available)
V  [jvm.dll+0x6dd1b5]  (no source info available)
V  [jvm.dll+0x6d103a]  (no source info available)
V  [jvm.dll+0x35b3ea]  (no source info available)
V  [jvm.dll+0x3637f6]  (no source info available)
V  [jvm.dll+0x34fd5e]  (no source info available)
V  [jvm.dll+0x34fff8]  (no source info available)
V  [jvm.dll+0x3289cc]  (no source info available)
V  [jvm.dll+0x32966e]  (no source info available)
V  [jvm.dll+0x8442e5]  (no source info available)
V  [jvm.dll+0x3b9848]  (no source info available)
V  [jvm.dll+0x82d0dc]  (no source info available)
V  [jvm.dll+0x454d4e]  (no source info available)
V  [jvm.dll+0x456bd1]  (no source info available)
C  [jli.dll+0x52a3]  (no source info available)
C  [ucrtbase.dll+0x29333]  (no source info available)
C  [KERNEL32.DLL+0x1259d]  (no source info available)
C  [ntdll.dll+0x5af38]  (no source info available)

Lock stack of current Java thread (top to bottom):


---------------  P R O C E S S  ---------------

Threads class SMR info:
_java_thread_list=0x00007ff8966e3618, length=0, elements={
}

Java Threads: ( => current thread )
Total: 0

Other Threads:
  0x0000013549ddeb00 WorkerThread "GC Thread#0"                     [id=34656, stack(0x00000032bb900000,0x00000032bba00000) (1024K)]
  0x0000013549df3950 ConcurrentGCThread "G1 Main Marker"            [id=35832, stack(0x00000032bba00000,0x00000032bbb00000) (1024K)]
  0x0000013549df4c00 WorkerThread "G1 Conc#0"                       [id=35768, stack(0x00000032bbb00000,0x00000032bbc00000) (1024K)]

[error occurred during error reporting (printing all threads), id 0xc0000005, EXCEPTION_ACCESS_VIOLATION (0xc0000005) at pc=0x00007ff895e2bfba]
VM state: not at safepoint (not fully initialized)

VM Mutex/Monitor currently owned by a thread:  ([mutex/lock_event])
[0x00007ff896763a10] Heap_lock - owner thread: 0x0000013546defcc0

Heap address: 0x0000000702e00000, size: 4050 MB, Compressed Oops mode: Zero based, Oop shift amount: 3

CDS archive(s) mapped at: [0x0000000000000000-0x0000000000000000-0x0000000000000000), size 0, SharedBaseAddress: 0x0000000800000000, ArchiveRelocationMode: 1.
Narrow klass base: 0x0000000000000000, Narrow klass shift: 0, Narrow klass range: 0x0

GC Precious Log:
 CardTable entry size: 512
 Card Set container configuration: InlinePtr #cards 4 size 8 Array Of Cards #cards 16 size 48 Howl #buckets 8 coarsen threshold 3686 Howl Bitmap #cards 512 size 80 coarsen threshold 460 Card regions per heap region 1 cards per card region 4096

Heap:
 garbage-first heap   total reserved 4147200K, committed 0K, used 0K [0x0000000702e00000, 0x0000000800000000)
  region size 2048K, 0 young (0K), 0 survivors (0K)

[error occurred during error reporting (printing heap information), id 0xc0000005, EXCEPTION_ACCESS_VIOLATION (0xc0000005) at pc=0x00007ff89622c3b9]
GC Heap History (0 events):
No events

Dll operation events (1 events):
Event: 0.009 Loaded shared library C:\Program Files\java\jdk-23\bin\java.dll

Deoptimization events (0 events):
No events

Classes loaded (0 events):
No events

Classes unloaded (0 events):
No events

Classes redefined (0 events):
No events

Internal exceptions (0 events):
No events

VM Operations (0 events):
No events

Memory protections (0 events):
No events

Nmethod flushes (0 events):
No events

Events (0 events):
No events


Dynamic libraries:
0x00007ff68b5e0000 - 0x00007ff68b5f0000 	C:\Program Files\java\jdk-23\bin\java.exe
0x00007ff991010000 - 0x00007ff991227000 	C:\WINDOWS\SYSTEM32\ntdll.dll
0x00007ff9900e0000 - 0x00007ff9901a4000 	C:\WINDOWS\System32\KERNEL32.DLL
0x00007ff98e970000 - 0x00007ff98ed29000 	C:\WINDOWS\System32\KERNELBASE.dll
0x00007ff954e30000 - 0x00007ff954f0c000 	C:\Program Files\Bitdefender\Bitdefender Security\bdhkm\dlls_267530912847660756\bdhkm64.dll
0x00007ff9512e0000 - 0x00007ff95149d000 	C:\Program Files\Bitdefender\Bitdefender Security\atcuf\dlls_267396668276700000\atcuf64.dll
0x00007ff98e610000 - 0x00007ff98e721000 	C:\WINDOWS\System32\ucrtbase.dll
0x00007ff962df0000 - 0x00007ff962e07000 	C:\Program Files\java\jdk-23\bin\jli.dll
0x00007ff990c70000 - 0x00007ff990e1e000 	C:\WINDOWS\System32\USER32.dll
0x00007ff98e310000 - 0x00007ff98e336000 	C:\WINDOWS\System32\win32u.dll
0x00007ff9906d0000 - 0x00007ff9906f9000 	C:\WINDOWS\System32\GDI32.dll
0x00007ff98e340000 - 0x00007ff98e45b000 	C:\WINDOWS\System32\gdi32full.dll
0x00007ff98e730000 - 0x00007ff98e7ca000 	C:\WINDOWS\System32\msvcp_win.dll
0x00007ff96f100000 - 0x00007ff96f11b000 	C:\Program Files\java\jdk-23\bin\VCRUNTIME140.dll
0x00007ff97f1c0000 - 0x00007ff97f452000 	C:\WINDOWS\WinSxS\amd64_microsoft.windows.common-controls_6595b64144ccf1df_6.0.22621.4391_none_2715d37f73803e96\COMCTL32.dll
0x00007ff990430000 - 0x00007ff9904d7000 	C:\WINDOWS\System32\msvcrt.dll
0x00007ff990b90000 - 0x00007ff990bc1000 	C:\WINDOWS\System32\IMM32.DLL
0x00007ff98abd0000 - 0x00007ff98abdc000 	C:\Program Files\java\jdk-23\bin\vcruntime140_1.dll
0x00007ff90ac40000 - 0x00007ff90acce000 	C:\Program Files\java\jdk-23\bin\msvcp140.dll
0x00007ff895af0000 - 0x00007ff89683f000 	C:\Program Files\java\jdk-23\bin\server\jvm.dll
0x00007ff990610000 - 0x00007ff9906c2000 	C:\WINDOWS\System32\ADVAPI32.dll
0x00007ff990f20000 - 0x00007ff990fc7000 	C:\WINDOWS\System32\sechost.dll
0x00007ff98e7d0000 - 0x00007ff98e7f8000 	C:\WINDOWS\System32\bcrypt.dll
0x00007ff9904e0000 - 0x00007ff9905f4000 	C:\WINDOWS\System32\RPCRT4.dll
0x00007ff9902b0000 - 0x00007ff990321000 	C:\WINDOWS\System32\WS2_32.dll
0x00007ff98d1a0000 - 0x00007ff98d1ed000 	C:\WINDOWS\SYSTEM32\POWRPROF.dll
0x00007ff98a8e0000 - 0x00007ff98a914000 	C:\WINDOWS\SYSTEM32\WINMM.dll
0x00007ff986a40000 - 0x00007ff986a4a000 	C:\WINDOWS\SYSTEM32\VERSION.dll
0x00007ff98d180000 - 0x00007ff98d193000 	C:\WINDOWS\SYSTEM32\UMPDC.dll
0x00007ff98d440000 - 0x00007ff98d458000 	C:\WINDOWS\SYSTEM32\kernel.appcore.dll
0x00007ff980b40000 - 0x00007ff980b4a000 	C:\Program Files\java\jdk-23\bin\jimage.dll
0x00007ff98bcf0000 - 0x00007ff98bf22000 	C:\WINDOWS\SYSTEM32\DBGHELP.DLL
0x00007ff98f5b0000 - 0x00007ff98f93f000 	C:\WINDOWS\System32\combase.dll
0x00007ff990330000 - 0x00007ff990407000 	C:\WINDOWS\System32\OLEAUT32.dll
0x00007ff95bf50000 - 0x00007ff95bf82000 	C:\WINDOWS\SYSTEM32\dbgcore.DLL
0x00007ff98e4d0000 - 0x00007ff98e54b000 	C:\WINDOWS\System32\bcryptPrimitives.dll
0x00007ff962620000 - 0x00007ff96263e000 	C:\Program Files\java\jdk-23\bin\java.dll
0x00007ff990720000 - 0x00007ff9908c5000 	C:\WINDOWS\System32\ole32.dll
0x00007ff98ed30000 - 0x00007ff98f5a6000 	C:\WINDOWS\System32\SHELL32.dll

dbghelp: loaded successfully - version: 4.0.5 - missing functions: none
symbol engine: initialized successfully - sym options: 0x614 - pdb path: .;C:\Program Files\java\jdk-23\bin;C:\WINDOWS\SYSTEM32;C:\Program Files\Bitdefender\Bitdefender Security\bdhkm\dlls_267530912847660756;C:\Program Files\Bitdefender\Bitdefender Security\atcuf\dlls_267396668276700000;C:\WINDOWS\WinSxS\amd64_microsoft.windows.common-controls_6595b64144ccf1df_6.0.22621.4391_none_2715d37f73803e96;C:\Program Files\java\jdk-23\bin\server

VM Arguments:
jvm_args: -Dfile.encoding=UTF-8 --module-path=E:\JavaApplication EDITTING\JavaApplication EDITTING\build\classes 
java_command: javaapplication3.EMPLOYEE
java_class_path (initial): E:\JavaApplication EDITTING\JavaApplication EDITTING\build\classes
Launcher Type: SUN_STANDARD

[Global flags]
     intx CICompilerCount                          = 4                                         {product} {ergonomic}
     uint ConcGCThreads                            = 3                                         {product} {ergonomic}
     uint G1ConcRefinementThreads                  = 10                                        {product} {ergonomic}
   size_t G1HeapRegionSize                         = 2097152                                   {product} {ergonomic}
   size_t InitialHeapSize                          = 266338304                                 {product} {ergonomic}
   size_t MarkStackSize                            = 4194304                                   {product} {ergonomic}
   size_t MarkStackSizeMax                         = 536870912                                 {product} {ergonomic}
   size_t MaxHeapSize                              = 4246732800                                {product} {ergonomic}
   size_t MinHeapDeltaBytes                        = 2097152                                   {product} {ergonomic}
   size_t MinHeapSize                              = 8388608                                   {product} {ergonomic}
    uintx NonNMethodCodeHeapSize                   = 5832704                                {pd product} {ergonomic}
    uintx NonProfiledCodeHeapSize                  = 122945536                              {pd product} {ergonomic}
    uintx ProfiledCodeHeapSize                     = 122880000                              {pd product} {ergonomic}
    uintx ReservedCodeCacheSize                    = 251658240                              {pd product} {ergonomic}
     bool SegmentedCodeCache                       = true                                      {product} {ergonomic}
   size_t SoftMaxHeapSize                          = 4246732800                             {manageable} {ergonomic}
     bool UseCompressedOops                        = true                           {product lp64_product} {ergonomic}
     bool UseG1GC                                  = true                                      {product} {ergonomic}
     bool UseLargePagesIndividualAllocation        = false                                  {pd product} {ergonomic}

Logging:
Log output configuration:
 #0: stdout all=warning uptime,level,tags foldmultilines=false
 #1: stderr all=off uptime,level,tags foldmultilines=false

Environment Variables:
JAVA_HOME=C:\Program Files\java\jdk-23
PATH=C:\WINDOWS\system32;C:\WINDOWS;C:\WINDOWS\System32\Wbem;C:\WINDOWS\System32\WindowsPowerShell\v1.0\;C:\WINDOWS\System32\OpenSSH\;C:\Program Files\NVIDIA Corporation\NVIDIA NvDLISR;C:\Program Files (x86)\NVIDIA Corporation\PhysX\Common;C:\Program Files\dotnet\;C:\Program Files (x86)\Windows Kits\10\Windows Performance Toolkit\;C:\Program Files\java\jdk-23\bin;C:\Program Files\nodejs\;C:\Program Files\MySQL\MySQL Shell 8.0\bin\;C:\Users\pc\AppData\Local\Microsoft\WindowsApps;C:\Users\pc\AppData\Local\Programs\Microsoft VS Code\bin;C:\Users\pc\AppData\Roaming\npm;C:\Program Files\dart-sdk\bin;C:\Users\pc\AppData\Local\GitHubDesktop\bin
USERNAME=pc
OS=Windows_NT
PROCESSOR_IDENTIFIER=Intel64 Family 6 Model 151 Stepping 2, GenuineIntel
TMP=C:\Users\pc\AppData\Local\Temp
TEMP=C:\Users\pc\AppData\Local\Temp




Periodic native trim disabled

---------------  S Y S T E M  ---------------

OS:
 Windows 11 , 64 bit Build 22621 (10.0.22621.4391)
OS uptime: 1 days 1:42 hours

CPU: total 12 (initial active 12) (6 cores per cpu, 2 threads per core) family 6 model 151 stepping 2 microcode 0x26, cx8, cmov, fxsr, ht, mmx, 3dnowpref, sse, sse2, sse3, ssse3, sse4.1, sse4.2, popcnt, lzcnt, tsc, tscinvbit, avx, avx2, aes, erms, clmul, bmi1, bmi2, adx, sha, fma, vzeroupper, clflush, clflushopt, clwb, serialize, rdtscp, rdpid, fsrm, gfni, f16c, pku, cet_ibt, cet_ss
Processor Information for the first 12 processors :
  Max Mhz: 2500, Current Mhz: 2500, Mhz Limit: 2500

Memory: 4k page, system-wide physical 16197M (3283M free)
TotalPageFile size 46607M (AvailPageFile size 27M)
current process WorkingSet (physical memory assigned to process): 15M, peak: 15M
current process commit charge ("private bytes"): 67M, peak: 321M

vm_info: Java HotSpot(TM) 64-Bit Server VM (23+37-2369) for windows-amd64 JRE (23+37-2369), built on 2024-08-20T16:01:23Z with MS VC++ 17.6 (VS2022)

END.
